[INFO] loaded configuration file from models/rigid/L1/L1-tanh/config.yaml
[INFO] Loading training dataset from TRAIN_DATA_PATH=datasets/interim/poly_4_2_1_4-train-rigid.pk
[INFO] Loading validation dataset from VAL_DATA_PATH=datasets/interim/poly_4_2_1_4-val-rigid.pk
[INFO] Loading testing dataset from TEST_DATA_PATH=datasets/interim/poly_4_2_1_4-test-rigid.pk
[INFO]  xscaler.mean:  [5.75824632e-02 2.37594115e-01 1.22846841e-03 1.01644164e-02
 1.88343183e-02 1.43135246e-02 2.48229587e-02 6.70559968e-03
 4.74412048e-03 2.56257342e-02 7.64032970e-04 2.18084894e-03
 1.01318694e-03 3.05845406e-03 1.77817121e-03 1.58544072e-03
 1.02087927e-03 2.46384506e-03 1.91257019e-04 8.01749538e-04
 2.38726877e-03 1.04568881e-03 3.15454647e-03 2.72815350e-03
 7.15523313e-03 1.65680063e-03 6.19228770e-04 5.29310945e-03
 6.49838315e-05 1.16514097e-04 1.08170922e-04 2.05926428e-04
 2.08044308e-05 6.06050138e-05 2.50349111e-04 4.95345081e-05
 4.40061492e-05 3.01625532e-05 1.48894681e-04 2.87164709e-04
 1.14925977e-04 2.06785457e-04 3.76324825e-05 4.67123483e-05
 9.06173781e-05 2.60512830e-04 6.32068528e-05 4.91831753e-04
 1.23162797e-04 1.20166149e-04 1.66230260e-04 3.14277042e-04
 1.28278335e-04 2.73680170e-04 1.12472758e-03 4.48029007e-04
 7.80161435e-04 2.96280305e-04 9.92109619e-05 1.95416077e-04
 2.29772424e-04 4.14845437e-04 5.72647433e-06 2.34236529e-05
 9.91403066e-05 3.91733730e-04 6.51698060e-05 5.06337590e-04
 9.58422873e-05 5.42114136e-04 8.97238640e-05 2.02152602e-04
 8.34971227e-04 4.94334414e-04 1.69548387e-03 3.65234430e-04
 1.03781224e-04 1.60848985e-03]
[INFO]  xscaler.scale: [6.23323130e-02 2.46696041e-01 2.05361625e-03 1.66901444e-02
 3.64082727e-02 2.31485769e-02 4.57932353e-02 1.09555357e-02
 9.62951159e-03 4.90629409e-02 1.69497249e-03 4.79466787e-03
 2.18645405e-03 8.97559170e-03 3.80635399e-03 4.46719242e-03
 2.30699270e-03 5.32004072e-03 4.37360052e-04 1.82336753e-03
 7.32900150e-03 2.31471604e-03 9.61103681e-03 5.89557421e-03
 2.04272125e-02 3.97578317e-03 1.99215224e-03 1.76024685e-02
 1.64917154e-04 3.51882299e-04 2.71163292e-04 6.16217234e-04
 5.16447461e-05 1.76565081e-04 1.00656906e-03 1.43276469e-04
 1.71899025e-04 7.83731838e-05 3.76194591e-04 8.82041403e-04
 2.84948294e-04 6.06450813e-04 9.33523957e-05 1.20431139e-04
 2.85071716e-04 8.14020254e-04 1.60913776e-04 2.04973751e-03
 4.02754143e-04 3.75559213e-04 4.19176624e-04 9.48795130e-04
 3.18889169e-04 8.06881453e-04 4.58729456e-03 1.29128422e-03
 3.04592510e-03 8.59623496e-04 2.73785807e-04 6.84393289e-04
 5.98188697e-04 1.32610481e-03 1.49680299e-05 7.69503038e-05
 3.26252639e-04 1.69805458e-03 1.68572502e-04 2.19080292e-03
 2.40363792e-04 2.10295300e-03 2.77583716e-04 6.85091787e-04
 3.96936271e-03 1.56380301e-03 7.35691357e-03 1.45169588e-03
 4.68605261e-04 8.83503521e-03]
[INFO]  yscaler.mean:  [1902.15010835]
[INFO]  yscaler.scale: [5782.13782144]
[INFO] Build model: Sequential(
  (0): Linear(in_features=78, out_features=10, bias=True)
  (1): Tanh()
  (2): Linear(in_features=10, out_features=1, bias=True)
)
[INFO] Build optimizer: LBFGS (
Parameter Group 0
    history_size: 100
    line_search_fn: strong_wolfe
    lr: 1.0
    max_eval: 125
    max_iter: 100
    tolerance_change: 1e-14
    tolerance_grad: 1e-14
)
[INFO] Build scheduler:
[INFO]  NAME:            ReduceLROnPlateau
[INFO]  LR_REDUCE_GAMMA: 0.5
[INFO]  THRESHOLD:       0.1
[INFO]  THRESHOLD_MODE:  abs
[INFO]  PATIENCE:        30
[INFO]  COOLDOWN:        3
[INFO]  MIN_LR:          1e-05

[INFO] Build loss function:
[INFO]  WEIGHT_TYPE:           Boltzmann
[INFO] loss_value: 0.0018896339636726514
[INFO] loss_value: 0.0019089308443289237
[INFO] Current learning rate: 1.00e+00
[INFO] Epoch: 0; metric train: 10.926 cm-1; metric_val: 11.038 cm-1
[INFO] Elapsed time: 1s

[INFO] Saving the checkpoint.
[INFO] (Early Stopping) Best validation RMSE: 11.04; current validation RMSE: 11.04
[INFO] (Early Stopping) ES counter: 0; ES patience: 100
[INFO] loss_value: 0.001066439178847816
[INFO] loss_value: 0.0010828634646016734
[INFO] Current learning rate: 1.00e+00
[INFO] Epoch: 1; metric train: 6.166 cm-1; metric_val: 6.261 cm-1
[INFO] Elapsed time: 2s

[INFO] Saving the checkpoint.
[INFO] (Early Stopping) Best validation RMSE: 6.26; current validation RMSE: 6.26
[INFO] (Early Stopping) ES counter: 0; ES patience: 100
[INFO] loss_value: 0.0008707804581266156
[INFO] loss_value: 0.0008848671175754182
[INFO] Current learning rate: 1.00e+00
[INFO] Epoch: 2; metric train: 5.035 cm-1; metric_val: 5.116 cm-1
[INFO] Elapsed time: 4s

[INFO] Saving the checkpoint.
[INFO] (Early Stopping) Best validation RMSE: 5.12; current validation RMSE: 5.12
[INFO] (Early Stopping) ES counter: 0; ES patience: 100
[INFO] loss_value: 0.0007470073081158444
[INFO] loss_value: 0.0007551020878863886
[INFO] Current learning rate: 1.00e+00
[INFO] Epoch: 3; metric train: 4.319 cm-1; metric_val: 4.366 cm-1
[INFO] Elapsed time: 5s

[INFO] Saving the checkpoint.
[INFO] (Early Stopping) Best validation RMSE: 4.37; current validation RMSE: 4.37
[INFO] (Early Stopping) ES counter: 0; ES patience: 100
[INFO] loss_value: 0.000670648835047846
[INFO] loss_value: 0.0006817306310017484
[INFO] Current learning rate: 1.00e+00
[INFO] Epoch: 4; metric train: 3.878 cm-1; metric_val: 3.942 cm-1
[INFO] Elapsed time: 6s

[INFO] Saving the checkpoint.
[INFO] (Early Stopping) Best validation RMSE: 3.94; current validation RMSE: 3.94
[INFO] (Early Stopping) ES counter: 0; ES patience: 100
[INFO] loss_value: 0.0006080454200689381
[INFO] loss_value: 0.0006129760532013195
[INFO] Current learning rate: 1.00e+00
[INFO] Epoch: 5; metric train: 3.516 cm-1; metric_val: 3.544 cm-1
[INFO] Elapsed time: 7s

[INFO] Saving the checkpoint.
[INFO] (Early Stopping) Best validation RMSE: 3.54; current validation RMSE: 3.54
[INFO] (Early Stopping) ES counter: 0; ES patience: 100
[INFO] loss_value: 0.0005732472147526329
[INFO] loss_value: 0.0005829838955670016
[INFO] Current learning rate: 1.00e+00
[INFO] Epoch: 6; metric train: 3.315 cm-1; metric_val: 3.371 cm-1
[INFO] Elapsed time: 9s

[INFO] Saving the checkpoint.
[INFO] (Early Stopping) Best validation RMSE: 3.37; current validation RMSE: 3.37
[INFO] (Early Stopping) ES counter: 0; ES patience: 100
[INFO] loss_value: 0.0005350920219832279
[INFO] loss_value: 0.000546934562652937
[INFO] Current learning rate: 1.00e+00
[INFO] Epoch: 7; metric train: 3.094 cm-1; metric_val: 3.162 cm-1
[INFO] Elapsed time: 10s

[INFO] Saving the checkpoint.
[INFO] (Early Stopping) Best validation RMSE: 3.16; current validation RMSE: 3.16
[INFO] (Early Stopping) ES counter: 0; ES patience: 100
[INFO] loss_value: 0.0004913225782062559
[INFO] loss_value: 0.0005077435331058924
[INFO] Current learning rate: 1.00e+00
[INFO] Epoch: 8; metric train: 2.841 cm-1; metric_val: 2.936 cm-1
[INFO] Elapsed time: 11s

[INFO] Saving the checkpoint.
[INFO] (Early Stopping) Best validation RMSE: 2.94; current validation RMSE: 2.94
[INFO] (Early Stopping) ES counter: 0; ES patience: 100
[INFO] loss_value: 0.00046759083627208954
[INFO] loss_value: 0.00048473921411837736
[INFO] Current learning rate: 1.00e+00
[INFO] Epoch: 9; metric train: 2.704 cm-1; metric_val: 2.803 cm-1
[INFO] Elapsed time: 12s

[INFO] Saving the checkpoint.
[INFO] (Early Stopping) Best validation RMSE: 2.80; current validation RMSE: 2.80
[INFO] (Early Stopping) ES counter: 0; ES patience: 100
[INFO] loss_value: 0.00043998791129121683
[INFO] loss_value: 0.00045285117223587963
[INFO] Current learning rate: 1.00e+00
[INFO] Epoch: 10; metric train: 2.544 cm-1; metric_val: 2.618 cm-1
[INFO] Elapsed time: 13s

[INFO] Saving the checkpoint.
[INFO] (Early Stopping) Best validation RMSE: 2.62; current validation RMSE: 2.62
[INFO] (Early Stopping) ES counter: 0; ES patience: 100
[INFO] loss_value: 0.00042385165815038
[INFO] loss_value: 0.0004374857765880426
[INFO] Current learning rate: 1.00e+00
[INFO] Epoch: 11; metric train: 2.451 cm-1; metric_val: 2.530 cm-1
[INFO] Elapsed time: 15s

[INFO] Saving the checkpoint.
[INFO] (Early Stopping) Best validation RMSE: 2.53; current validation RMSE: 2.53
[INFO] (Early Stopping) ES counter: 0; ES patience: 100
[INFO] loss_value: 0.0004060022538078124
[INFO] loss_value: 0.00041807423138307985
[INFO] Current learning rate: 1.00e+00
[INFO] Epoch: 12; metric train: 2.348 cm-1; metric_val: 2.417 cm-1
[INFO] Elapsed time: 16s

[INFO] Saving the checkpoint.
[INFO] (Early Stopping) Best validation RMSE: 2.42; current validation RMSE: 2.42
[INFO] (Early Stopping) ES counter: 0; ES patience: 100
[INFO] loss_value: 0.00037937194151602577
[INFO] loss_value: 0.0003928466389782151
[INFO] Current learning rate: 1.00e+00
[INFO] Epoch: 13; metric train: 2.194 cm-1; metric_val: 2.271 cm-1
[INFO] Elapsed time: 17s

[INFO] Saving the checkpoint.
[INFO] (Early Stopping) Best validation RMSE: 2.27; current validation RMSE: 2.27
[INFO] (Early Stopping) ES counter: 0; ES patience: 100
[INFO] loss_value: 0.0003714047711258487
[INFO] loss_value: 0.0003810722781376933
[INFO] Current learning rate: 1.00e+00
[INFO] Epoch: 14; metric train: 2.148 cm-1; metric_val: 2.203 cm-1
[INFO] Elapsed time: 18s

[INFO] Saving the checkpoint.
[INFO] (Early Stopping) Best validation RMSE: 2.20; current validation RMSE: 2.20
[INFO] (Early Stopping) ES counter: 0; ES patience: 100
[INFO] loss_value: 0.0003516374828995879
[INFO] loss_value: 0.0003589657457126657
[INFO] Current learning rate: 1.00e+00
[INFO] Epoch: 15; metric train: 2.033 cm-1; metric_val: 2.076 cm-1
[INFO] Elapsed time: 19s

[INFO] Saving the checkpoint.
[INFO] (Early Stopping) Best validation RMSE: 2.08; current validation RMSE: 2.08
[INFO] (Early Stopping) ES counter: 0; ES patience: 100
[INFO] loss_value: 0.0003409376834682237
[INFO] loss_value: 0.0003472867895936969
[INFO] Current learning rate: 1.00e+00
[INFO] Epoch: 16; metric train: 1.971 cm-1; metric_val: 2.008 cm-1
[INFO] Elapsed time: 21s

[INFO] Saving the checkpoint.
[INFO] (Early Stopping) Best validation RMSE: 2.01; current validation RMSE: 2.01
[INFO] (Early Stopping) ES counter: 0; ES patience: 100
[INFO] loss_value: 0.0003143000844689309
[INFO] loss_value: 0.000321108050947779
[INFO] Current learning rate: 1.00e+00
[INFO] Epoch: 17; metric train: 1.817 cm-1; metric_val: 1.857 cm-1
[INFO] Elapsed time: 22s

[INFO] Saving the checkpoint.
[INFO] (Early Stopping) Best validation RMSE: 1.86; current validation RMSE: 1.86
[INFO] (Early Stopping) ES counter: 0; ES patience: 100
[INFO] loss_value: 0.00030195453569522283
[INFO] loss_value: 0.00031108963045569976
[INFO] Current learning rate: 1.00e+00
[INFO] Epoch: 18; metric train: 1.746 cm-1; metric_val: 1.799 cm-1
[INFO] Elapsed time: 23s

[INFO] Saving the checkpoint.
[INFO] (Early Stopping) Best validation RMSE: 1.80; current validation RMSE: 1.80
[INFO] (Early Stopping) ES counter: 0; ES patience: 100
[INFO] loss_value: 0.0002916717163081526
[INFO] loss_value: 0.00030281849849322933
[INFO] Current learning rate: 1.00e+00
[INFO] Epoch: 19; metric train: 1.686 cm-1; metric_val: 1.751 cm-1
[INFO] Elapsed time: 25s

[INFO] (Early Stopping) Best validation RMSE: 1.80; current validation RMSE: 1.75
[INFO] (Early Stopping) ES counter: 1; ES patience: 100
[INFO] loss_value: 0.0002875470615244063
[INFO] loss_value: 0.00029964711758147017
[INFO] Current learning rate: 1.00e+00
[INFO] Epoch: 20; metric train: 1.663 cm-1; metric_val: 1.733 cm-1
[INFO] Elapsed time: 26s

[INFO] Saving the checkpoint.
[INFO] (Early Stopping) Best validation RMSE: 1.73; current validation RMSE: 1.73
[INFO] (Early Stopping) ES counter: 0; ES patience: 100
[INFO] loss_value: 0.0002850478261027861
[INFO] loss_value: 0.0002955258095656886
[INFO] Current learning rate: 1.00e+00
[INFO] Epoch: 21; metric train: 1.648 cm-1; metric_val: 1.709 cm-1
[INFO] Elapsed time: 27s

[INFO] (Early Stopping) Best validation RMSE: 1.73; current validation RMSE: 1.71
[INFO] (Early Stopping) ES counter: 1; ES patience: 100
[INFO] loss_value: 0.00027386150224320224
[INFO] loss_value: 0.00028580404534877954
[INFO] Current learning rate: 1.00e+00
[INFO] Epoch: 22; metric train: 1.584 cm-1; metric_val: 1.653 cm-1
[INFO] Elapsed time: 29s

[INFO] Saving the checkpoint.
[INFO] (Early Stopping) Best validation RMSE: 1.65; current validation RMSE: 1.65
[INFO] (Early Stopping) ES counter: 0; ES patience: 100
[INFO] loss_value: 0.00026962286940895164
[INFO] loss_value: 0.00028365314052035797
[INFO] Current learning rate: 1.00e+00
[INFO] Epoch: 23; metric train: 1.559 cm-1; metric_val: 1.640 cm-1
[INFO] Elapsed time: 30s

[INFO] (Early Stopping) Best validation RMSE: 1.65; current validation RMSE: 1.64
[INFO] (Early Stopping) ES counter: 1; ES patience: 100
[INFO] loss_value: 0.0002641387010171099
[INFO] loss_value: 0.00027526342018604707
[INFO] Current learning rate: 1.00e+00
[INFO] Epoch: 24; metric train: 1.527 cm-1; metric_val: 1.592 cm-1
[INFO] Elapsed time: 31s

[INFO] Saving the checkpoint.
[INFO] (Early Stopping) Best validation RMSE: 1.59; current validation RMSE: 1.59
[INFO] (Early Stopping) ES counter: 0; ES patience: 100
[INFO] loss_value: 0.0002577424121321554
[INFO] loss_value: 0.00026941948977997007
[INFO] Current learning rate: 1.00e+00
[INFO] Epoch: 25; metric train: 1.490 cm-1; metric_val: 1.558 cm-1
[INFO] Elapsed time: 32s

[INFO] (Early Stopping) Best validation RMSE: 1.59; current validation RMSE: 1.56
[INFO] (Early Stopping) ES counter: 1; ES patience: 100
[INFO] loss_value: 0.0002484725006482516
[INFO] loss_value: 0.00025559983443580573
[INFO] Current learning rate: 1.00e+00
[INFO] Epoch: 26; metric train: 1.437 cm-1; metric_val: 1.478 cm-1
[INFO] Elapsed time: 34s

[INFO] Saving the checkpoint.
[INFO] (Early Stopping) Best validation RMSE: 1.48; current validation RMSE: 1.48
[INFO] (Early Stopping) ES counter: 0; ES patience: 100
[INFO] loss_value: 0.0002456826267053779
[INFO] loss_value: 0.0002525132520955556
[INFO] Current learning rate: 1.00e+00
[INFO] Epoch: 27; metric train: 1.421 cm-1; metric_val: 1.460 cm-1
[INFO] Elapsed time: 35s

[INFO] (Early Stopping) Best validation RMSE: 1.48; current validation RMSE: 1.46
[INFO] (Early Stopping) ES counter: 1; ES patience: 100
[INFO] loss_value: 0.00023430745720971527
[INFO] loss_value: 0.00024027258667800463
[INFO] Current learning rate: 1.00e+00
[INFO] Epoch: 28; metric train: 1.355 cm-1; metric_val: 1.389 cm-1
[INFO] Elapsed time: 36s

[INFO] Saving the checkpoint.
[INFO] (Early Stopping) Best validation RMSE: 1.39; current validation RMSE: 1.39
[INFO] (Early Stopping) ES counter: 0; ES patience: 100
[INFO] loss_value: 0.0002319966559506818
[INFO] loss_value: 0.00023761334803674668
[INFO] Current learning rate: 1.00e+00
[INFO] Epoch: 29; metric train: 1.341 cm-1; metric_val: 1.374 cm-1
[INFO] Elapsed time: 38s

[INFO] (Early Stopping) Best validation RMSE: 1.39; current validation RMSE: 1.37
[INFO] (Early Stopping) ES counter: 1; ES patience: 100
[INFO] loss_value: 0.00022415440739373944
[INFO] loss_value: 0.00023211552434390724
[INFO] Current learning rate: 1.00e+00
[INFO] Epoch: 30; metric train: 1.296 cm-1; metric_val: 1.342 cm-1
[INFO] Elapsed time: 39s

[INFO] (Early Stopping) Best validation RMSE: 1.39; current validation RMSE: 1.34
[INFO] (Early Stopping) ES counter: 2; ES patience: 100
[INFO] loss_value: 0.00021747794364328053
[INFO] loss_value: 0.0002272430352332463
[INFO] Current learning rate: 1.00e+00
[INFO] Epoch: 31; metric train: 1.257 cm-1; metric_val: 1.314 cm-1
[INFO] Elapsed time: 40s

[INFO] Saving the checkpoint.
[INFO] (Early Stopping) Best validation RMSE: 1.31; current validation RMSE: 1.31
[INFO] (Early Stopping) ES counter: 0; ES patience: 100
[INFO] loss_value: 0.00021509834853269526
[INFO] loss_value: 0.00022504732036966456
[INFO] Current learning rate: 1.00e+00
[INFO] Epoch: 32; metric train: 1.244 cm-1; metric_val: 1.301 cm-1
[INFO] Elapsed time: 42s

[INFO] (Early Stopping) Best validation RMSE: 1.31; current validation RMSE: 1.30
[INFO] (Early Stopping) ES counter: 1; ES patience: 100
[INFO] loss_value: 0.00021192139034463138
[INFO] loss_value: 0.00022118219352972748
[INFO] Current learning rate: 1.00e+00
[INFO] Epoch: 33; metric train: 1.225 cm-1; metric_val: 1.279 cm-1
[INFO] Elapsed time: 43s

[INFO] (Early Stopping) Best validation RMSE: 1.31; current validation RMSE: 1.28
[INFO] (Early Stopping) ES counter: 2; ES patience: 100
[INFO] loss_value: 0.0002084325731132409
[INFO] loss_value: 0.0002183608874339791
[INFO] Current learning rate: 1.00e+00
[INFO] Epoch: 34; metric train: 1.205 cm-1; metric_val: 1.263 cm-1
[INFO] Elapsed time: 44s

[INFO] Saving the checkpoint.
[INFO] (Early Stopping) Best validation RMSE: 1.26; current validation RMSE: 1.26
[INFO] (Early Stopping) ES counter: 0; ES patience: 100
[INFO] loss_value: 0.0002037702094400062
[INFO] loss_value: 0.00021199230195799416
[INFO] Current learning rate: 1.00e+00
[INFO] Epoch: 35; metric train: 1.178 cm-1; metric_val: 1.226 cm-1
[INFO] Elapsed time: 46s

[INFO] (Early Stopping) Best validation RMSE: 1.26; current validation RMSE: 1.23
[INFO] (Early Stopping) ES counter: 1; ES patience: 100
[INFO] loss_value: 0.00020249436894927814
[INFO] loss_value: 0.00021023030883816386
[INFO] Current learning rate: 1.00e+00
[INFO] Epoch: 36; metric train: 1.171 cm-1; metric_val: 1.216 cm-1
[INFO] Elapsed time: 47s

[INFO] (Early Stopping) Best validation RMSE: 1.26; current validation RMSE: 1.22
[INFO] (Early Stopping) ES counter: 2; ES patience: 100
[INFO] loss_value: 0.00019914779305683268
[INFO] loss_value: 0.00020630277722300536
[INFO] Current learning rate: 1.00e+00
[INFO] Epoch: 37; metric train: 1.151 cm-1; metric_val: 1.193 cm-1
[INFO] Elapsed time: 48s

[INFO] Saving the checkpoint.
[INFO] (Early Stopping) Best validation RMSE: 1.19; current validation RMSE: 1.19
[INFO] (Early Stopping) ES counter: 0; ES patience: 100
[INFO] loss_value: 0.0001961155478995783
[INFO] loss_value: 0.0002043170470783272
[INFO] Current learning rate: 1.00e+00
[INFO] Epoch: 38; metric train: 1.134 cm-1; metric_val: 1.181 cm-1
[INFO] Elapsed time: 50s

[INFO] (Early Stopping) Best validation RMSE: 1.19; current validation RMSE: 1.18
[INFO] (Early Stopping) ES counter: 1; ES patience: 100
[INFO] loss_value: 0.000192957035269179
[INFO] loss_value: 0.00020077677215953163
[INFO] Current learning rate: 1.00e+00
[INFO] Epoch: 39; metric train: 1.116 cm-1; metric_val: 1.161 cm-1
[INFO] Elapsed time: 51s

[INFO] (Early Stopping) Best validation RMSE: 1.19; current validation RMSE: 1.16
[INFO] (Early Stopping) ES counter: 2; ES patience: 100
[INFO] loss_value: 0.00018889098210654031
[INFO] loss_value: 0.00019627658205746711
[INFO] Current learning rate: 1.00e+00
[INFO] Epoch: 40; metric train: 1.092 cm-1; metric_val: 1.135 cm-1
[INFO] Elapsed time: 52s

[INFO] Saving the checkpoint.
[INFO] (Early Stopping) Best validation RMSE: 1.13; current validation RMSE: 1.13
[INFO] (Early Stopping) ES counter: 0; ES patience: 100
[INFO] loss_value: 0.00018783609814507847
[INFO] loss_value: 0.00019500665630297763
[INFO] Current learning rate: 1.00e+00
[INFO] Epoch: 41; metric train: 1.086 cm-1; metric_val: 1.128 cm-1
[INFO] Elapsed time: 54s

[INFO] (Early Stopping) Best validation RMSE: 1.13; current validation RMSE: 1.13
[INFO] (Early Stopping) ES counter: 1; ES patience: 100
[INFO] loss_value: 0.00018621334682744745
[INFO] loss_value: 0.00019306474993638912
[INFO] Current learning rate: 1.00e+00
[INFO] Epoch: 42; metric train: 1.077 cm-1; metric_val: 1.116 cm-1
[INFO] Elapsed time: 55s

[INFO] (Early Stopping) Best validation RMSE: 1.13; current validation RMSE: 1.12
[INFO] (Early Stopping) ES counter: 2; ES patience: 100
[INFO] loss_value: 0.00018375283948630783
[INFO] loss_value: 0.0001893643688724779
[INFO] Current learning rate: 1.00e+00
[INFO] Epoch: 43; metric train: 1.062 cm-1; metric_val: 1.095 cm-1
[INFO] Elapsed time: 57s

[INFO] (Early Stopping) Best validation RMSE: 1.13; current validation RMSE: 1.09
[INFO] (Early Stopping) ES counter: 3; ES patience: 100
[INFO] loss_value: 0.00018342423359507857
[INFO] loss_value: 0.00018884157554230373
[INFO] Current learning rate: 1.00e+00
[INFO] Epoch: 44; metric train: 1.061 cm-1; metric_val: 1.092 cm-1
[INFO] Elapsed time: 58s

[INFO] (Early Stopping) Best validation RMSE: 1.13; current validation RMSE: 1.09
[INFO] (Early Stopping) ES counter: 4; ES patience: 100
[INFO] loss_value: 0.00018067652043097862
[INFO] loss_value: 0.0001849838770931995
[INFO] Current learning rate: 1.00e+00
[INFO] Epoch: 45; metric train: 1.045 cm-1; metric_val: 1.070 cm-1
[INFO] Elapsed time: 59s

[INFO] Saving the checkpoint.
[INFO] (Early Stopping) Best validation RMSE: 1.07; current validation RMSE: 1.07
[INFO] (Early Stopping) ES counter: 0; ES patience: 100
[INFO] loss_value: 0.00017865925704429127
[INFO] loss_value: 0.00018238471760342352
[INFO] Current learning rate: 1.00e+00
[INFO] Epoch: 46; metric train: 1.033 cm-1; metric_val: 1.055 cm-1
[INFO] Elapsed time: 61s

[INFO] (Early Stopping) Best validation RMSE: 1.07; current validation RMSE: 1.05
[INFO] (Early Stopping) ES counter: 1; ES patience: 100
[INFO] loss_value: 0.0001771061988039233
[INFO] loss_value: 0.00018116835727586674
[INFO] Current learning rate: 1.00e+00
[INFO] Epoch: 47; metric train: 1.024 cm-1; metric_val: 1.048 cm-1
[INFO] Elapsed time: 62s

[INFO] (Early Stopping) Best validation RMSE: 1.07; current validation RMSE: 1.05
[INFO] (Early Stopping) ES counter: 2; ES patience: 100
[INFO] loss_value: 0.0001740394703101102
[INFO] loss_value: 0.0001773332188828035
[INFO] Current learning rate: 1.00e+00
[INFO] Epoch: 48; metric train: 1.006 cm-1; metric_val: 1.025 cm-1
[INFO] Elapsed time: 63s

[INFO] (Early Stopping) Best validation RMSE: 1.07; current validation RMSE: 1.03
[INFO] (Early Stopping) ES counter: 3; ES patience: 100
[INFO] loss_value: 0.00017359119796427606
[INFO] loss_value: 0.0001769474399023668
[INFO] Current learning rate: 1.00e+00
[INFO] Epoch: 49; metric train: 1.004 cm-1; metric_val: 1.023 cm-1
[INFO] Elapsed time: 65s

[INFO] (Early Stopping) Best validation RMSE: 1.07; current validation RMSE: 1.02
[INFO] (Early Stopping) ES counter: 4; ES patience: 100
[INFO] loss_value: 0.00017296600111766928
[INFO] loss_value: 0.00017640855543522087
[INFO] Current learning rate: 1.00e+00
[INFO] Epoch: 50; metric train: 1.000 cm-1; metric_val: 1.020 cm-1
[INFO] Elapsed time: 66s

[INFO] (Early Stopping) Best validation RMSE: 1.07; current validation RMSE: 1.02
[INFO] (Early Stopping) ES counter: 5; ES patience: 100
[INFO] loss_value: 0.0001716869872431297
[INFO] loss_value: 0.00017539264345196626
[INFO] Current learning rate: 1.00e+00
[INFO] Epoch: 51; metric train: 0.993 cm-1; metric_val: 1.014 cm-1
[INFO] Elapsed time: 67s

[INFO] Saving the checkpoint.
[INFO] (Early Stopping) Best validation RMSE: 1.01; current validation RMSE: 1.01
[INFO] (Early Stopping) ES counter: 0; ES patience: 100
[INFO] loss_value: 0.0001707376067002356
[INFO] loss_value: 0.00017517005408385682
[INFO] Current learning rate: 1.00e+00
[INFO] Epoch: 52; metric train: 0.987 cm-1; metric_val: 1.013 cm-1
[INFO] Elapsed time: 68s

[INFO] (Early Stopping) Best validation RMSE: 1.01; current validation RMSE: 1.01
[INFO] (Early Stopping) ES counter: 1; ES patience: 100
[INFO] loss_value: 0.0001697561915690242
[INFO] loss_value: 0.00017403875405658324
[INFO] Current learning rate: 1.00e+00
[INFO] Epoch: 53; metric train: 0.982 cm-1; metric_val: 1.006 cm-1
[INFO] Elapsed time: 70s

[INFO] (Early Stopping) Best validation RMSE: 1.01; current validation RMSE: 1.01
[INFO] (Early Stopping) ES counter: 2; ES patience: 100
[INFO] loss_value: 0.00016944562862704362
[INFO] loss_value: 0.00017359322495519332
[INFO] Current learning rate: 1.00e+00
[INFO] Epoch: 54; metric train: 0.980 cm-1; metric_val: 1.004 cm-1
[INFO] Elapsed time: 71s

[INFO] (Early Stopping) Best validation RMSE: 1.01; current validation RMSE: 1.00
[INFO] (Early Stopping) ES counter: 3; ES patience: 100
[INFO] loss_value: 0.00016682760792792315
[INFO] loss_value: 0.00017072585961358462
[INFO] Current learning rate: 1.00e+00
[INFO] Epoch: 55; metric train: 0.965 cm-1; metric_val: 0.987 cm-1
[INFO] Elapsed time: 72s

[INFO] (Early Stopping) Best validation RMSE: 1.01; current validation RMSE: 0.99
[INFO] (Early Stopping) ES counter: 4; ES patience: 100
[INFO] loss_value: 0.00016563883178552375
[INFO] loss_value: 0.0001697475176283403
[INFO] Current learning rate: 1.00e+00
[INFO] Epoch: 56; metric train: 0.958 cm-1; metric_val: 0.982 cm-1
[INFO] Elapsed time: 74s

[INFO] (Early Stopping) Best validation RMSE: 1.01; current validation RMSE: 0.98
[INFO] (Early Stopping) ES counter: 5; ES patience: 100
[INFO] loss_value: 0.00016536574902484337
[INFO] loss_value: 0.00016940001445171096
[INFO] Current learning rate: 1.00e+00
[INFO] Epoch: 57; metric train: 0.956 cm-1; metric_val: 0.979 cm-1
[INFO] Elapsed time: 76s

[INFO] (Early Stopping) Best validation RMSE: 1.01; current validation RMSE: 0.98
[INFO] (Early Stopping) ES counter: 6; ES patience: 100
[INFO] loss_value: 0.0001652792283176565
[INFO] loss_value: 0.00016927999064445028
[INFO] Current learning rate: 1.00e+00
[INFO] Epoch: 58; metric train: 0.956 cm-1; metric_val: 0.979 cm-1
[INFO] Elapsed time: 77s

[INFO] (Early Stopping) Best validation RMSE: 1.01; current validation RMSE: 0.98
[INFO] (Early Stopping) ES counter: 7; ES patience: 100
[INFO] loss_value: 0.00016527798515947057
[INFO] loss_value: 0.0001692760197549255
[INFO] Current learning rate: 1.00e+00
[INFO] Epoch: 59; metric train: 0.956 cm-1; metric_val: 0.979 cm-1
[INFO] Elapsed time: 79s

[INFO] (Early Stopping) Best validation RMSE: 1.01; current validation RMSE: 0.98
[INFO] (Early Stopping) ES counter: 8; ES patience: 100
[INFO] loss_value: 0.00016527699540876343
[INFO] loss_value: 0.00016927362294395613
[INFO] Current learning rate: 1.00e+00
[INFO] Epoch: 60; metric train: 0.956 cm-1; metric_val: 0.979 cm-1
[INFO] Elapsed time: 80s

[INFO] (Early Stopping) Best validation RMSE: 1.01; current validation RMSE: 0.98
[INFO] (Early Stopping) ES counter: 9; ES patience: 100
[INFO] loss_value: 0.0001652760945821912
[INFO] loss_value: 0.00016927187091630275
[INFO] Current learning rate: 1.00e+00
[INFO] Epoch: 61; metric train: 0.956 cm-1; metric_val: 0.979 cm-1
[INFO] Elapsed time: 81s

[INFO] (Early Stopping) Best validation RMSE: 1.01; current validation RMSE: 0.98
[INFO] (Early Stopping) ES counter: 10; ES patience: 100
[INFO] loss_value: 0.00016527523578949957
[INFO] loss_value: 0.00016927045365589617
[INFO] Current learning rate: 1.00e+00
[INFO] Epoch: 62; metric train: 0.956 cm-1; metric_val: 0.979 cm-1
[INFO] Elapsed time: 83s

[INFO] (Early Stopping) Best validation RMSE: 1.01; current validation RMSE: 0.98
[INFO] (Early Stopping) ES counter: 11; ES patience: 100
[INFO] loss_value: 0.00016527440235253346
[INFO] loss_value: 0.0001692692336105024
[INFO] Current learning rate: 1.00e+00
[INFO] Epoch: 63; metric train: 0.956 cm-1; metric_val: 0.979 cm-1
[INFO] Elapsed time: 84s

[INFO] (Early Stopping) Best validation RMSE: 1.01; current validation RMSE: 0.98
[INFO] (Early Stopping) ES counter: 12; ES patience: 100
[INFO] loss_value: 0.00016527358716200526
[INFO] loss_value: 0.00016926813901291962
[INFO] Current learning rate: 1.00e+00
[INFO] Epoch: 64; metric train: 0.956 cm-1; metric_val: 0.979 cm-1
[INFO] Elapsed time: 86s

[INFO] (Early Stopping) Best validation RMSE: 1.01; current validation RMSE: 0.98
[INFO] (Early Stopping) ES counter: 13; ES patience: 100
[INFO] loss_value: 0.00016527278655876902
[INFO] loss_value: 0.0001692671292995792
[INFO] Current learning rate: 1.00e+00
[INFO] Epoch: 65; metric train: 0.956 cm-1; metric_val: 0.979 cm-1
[INFO] Elapsed time: 87s

[INFO] (Early Stopping) Best validation RMSE: 1.01; current validation RMSE: 0.98
[INFO] (Early Stopping) ES counter: 14; ES patience: 100
[INFO] loss_value: 0.00016527199831321834
[INFO] loss_value: 0.00016926618063506946
[INFO] Current learning rate: 1.00e+00
[INFO] Epoch: 66; metric train: 0.956 cm-1; metric_val: 0.979 cm-1
[INFO] Elapsed time: 89s

[INFO] (Early Stopping) Best validation RMSE: 1.01; current validation RMSE: 0.98
[INFO] (Early Stopping) ES counter: 15; ES patience: 100
[INFO] loss_value: 0.0001652712208872701
[INFO] loss_value: 0.0001692652785741133
[INFO] Current learning rate: 1.00e+00
[INFO] Epoch: 67; metric train: 0.956 cm-1; metric_val: 0.979 cm-1
[INFO] Elapsed time: 90s

[INFO] (Early Stopping) Best validation RMSE: 1.01; current validation RMSE: 0.98
[INFO] (Early Stopping) ES counter: 16; ES patience: 100
[INFO] loss_value: 0.00016527045313150402
[INFO] loss_value: 0.00016926441399159816
[INFO] Current learning rate: 1.00e+00
[INFO] Epoch: 68; metric train: 0.956 cm-1; metric_val: 0.979 cm-1
[INFO] Elapsed time: 92s

[INFO] (Early Stopping) Best validation RMSE: 1.01; current validation RMSE: 0.98
[INFO] (Early Stopping) ES counter: 17; ES patience: 100
[INFO] loss_value: 0.00016526969414306622
[INFO] loss_value: 0.00016926358077577202
[INFO] Current learning rate: 1.00e+00
[INFO] Epoch: 69; metric train: 0.956 cm-1; metric_val: 0.979 cm-1
[INFO] Elapsed time: 93s

[INFO] (Early Stopping) Best validation RMSE: 1.01; current validation RMSE: 0.98
[INFO] (Early Stopping) ES counter: 18; ES patience: 100
[INFO] loss_value: 0.0001652689431894239
[INFO] loss_value: 0.0001692627745310478
[INFO] Current learning rate: 1.00e+00
[INFO] Epoch: 70; metric train: 0.956 cm-1; metric_val: 0.979 cm-1
[INFO] Elapsed time: 94s

[INFO] (Early Stopping) Best validation RMSE: 1.01; current validation RMSE: 0.98
[INFO] (Early Stopping) ES counter: 19; ES patience: 100
[INFO] loss_value: 0.00016526819966250183
[INFO] loss_value: 0.00016926199186176758
[INFO] Current learning rate: 1.00e+00
[INFO] Epoch: 71; metric train: 0.956 cm-1; metric_val: 0.979 cm-1
[INFO] Elapsed time: 96s

[INFO] (Early Stopping) Best validation RMSE: 1.01; current validation RMSE: 0.98
[INFO] (Early Stopping) ES counter: 20; ES patience: 100
[INFO] loss_value: 0.00016526746304856377
[INFO] loss_value: 0.00016926122998420212
[INFO] Current learning rate: 1.00e+00
[INFO] Epoch: 72; metric train: 0.956 cm-1; metric_val: 0.979 cm-1
[INFO] Elapsed time: 97s

[INFO] (Early Stopping) Best validation RMSE: 1.01; current validation RMSE: 0.98
[INFO] (Early Stopping) ES counter: 21; ES patience: 100
[INFO] loss_value: 0.00016526673290720033
[INFO] loss_value: 0.0001692604865194582
[INFO] Current learning rate: 1.00e+00
[INFO] Epoch: 73; metric train: 0.956 cm-1; metric_val: 0.979 cm-1
[INFO] Elapsed time: 99s

[INFO] (Early Stopping) Best validation RMSE: 1.01; current validation RMSE: 0.98
[INFO] (Early Stopping) ES counter: 22; ES patience: 100
[INFO] loss_value: 0.00016526600885607962
[INFO] loss_value: 0.0001692597593833421
[INFO] Current learning rate: 1.00e+00
[INFO] Epoch: 74; metric train: 0.956 cm-1; metric_val: 0.979 cm-1
[INFO] Elapsed time: 100s

[INFO] (Early Stopping) Best validation RMSE: 1.01; current validation RMSE: 0.98
[INFO] (Early Stopping) ES counter: 23; ES patience: 100
[INFO] loss_value: 0.00016526529055959808
[INFO] loss_value: 0.00016925904672651282
[INFO] Current learning rate: 1.00e+00
[INFO] Epoch: 75; metric train: 0.956 cm-1; metric_val: 0.979 cm-1
[INFO] Elapsed time: 101s

[INFO] (Early Stopping) Best validation RMSE: 1.01; current validation RMSE: 0.98
[INFO] (Early Stopping) ES counter: 24; ES patience: 100
[INFO] loss_value: 0.00016526457772022602
[INFO] loss_value: 0.0001692583468998024
[INFO] Current learning rate: 1.00e+00
[INFO] Epoch: 76; metric train: 0.956 cm-1; metric_val: 0.979 cm-1
[INFO] Elapsed time: 103s

[INFO] (Early Stopping) Best validation RMSE: 1.01; current validation RMSE: 0.98
[INFO] (Early Stopping) ES counter: 25; ES patience: 100
[INFO] loss_value: 0.00016526387007178932
[INFO] loss_value: 0.00016925765843157356
[INFO] Current learning rate: 5.00e-01
[INFO] Epoch: 77; metric train: 0.956 cm-1; metric_val: 0.979 cm-1
[INFO] Elapsed time: 104s

[INFO] (Early Stopping) Best validation RMSE: 1.01; current validation RMSE: 0.98
[INFO] (Early Stopping) ES counter: 26; ES patience: 100
[INFO] loss_value: 0.0001652631672768107
[INFO] loss_value: 0.00016925697972333266
[INFO] Current learning rate: 5.00e-01
[INFO] Epoch: 78; metric train: 0.956 cm-1; metric_val: 0.979 cm-1
[INFO] Elapsed time: 105s

[INFO] (Early Stopping) Best validation RMSE: 1.01; current validation RMSE: 0.98
[INFO] (Early Stopping) ES counter: 27; ES patience: 100
[INFO] loss_value: 0.00016526246906321373
[INFO] loss_value: 0.0001692563097734468
[INFO] Current learning rate: 5.00e-01
[INFO] Epoch: 79; metric train: 0.956 cm-1; metric_val: 0.979 cm-1
[INFO] Elapsed time: 107s

[INFO] (Early Stopping) Best validation RMSE: 1.01; current validation RMSE: 0.98
[INFO] (Early Stopping) ES counter: 28; ES patience: 100
[INFO] loss_value: 0.0001652617752594964
[INFO] loss_value: 0.0001692556475758026
[INFO] Current learning rate: 5.00e-01
[INFO] Epoch: 80; metric train: 0.956 cm-1; metric_val: 0.979 cm-1
[INFO] Elapsed time: 108s

[INFO] (Early Stopping) Best validation RMSE: 1.01; current validation RMSE: 0.98
[INFO] (Early Stopping) ES counter: 29; ES patience: 100
[INFO] loss_value: 0.00016526108570552806
[INFO] loss_value: 0.00016925499223925173
[INFO] Current learning rate: 5.00e-01
[INFO] Epoch: 81; metric train: 0.956 cm-1; metric_val: 0.979 cm-1
[INFO] Elapsed time: 109s

[INFO] (Early Stopping) Best validation RMSE: 1.01; current validation RMSE: 0.98
[INFO] (Early Stopping) ES counter: 30; ES patience: 100
[INFO] loss_value: 0.0001652604002513682
[INFO] loss_value: 0.00016925434297702393
[INFO] Current learning rate: 5.00e-01
[INFO] Epoch: 82; metric train: 0.956 cm-1; metric_val: 0.979 cm-1
[INFO] Elapsed time: 110s

[INFO] (Early Stopping) Best validation RMSE: 1.01; current validation RMSE: 0.98
[INFO] (Early Stopping) ES counter: 31; ES patience: 100
[INFO] loss_value: 0.00016525971875600264
[INFO] loss_value: 0.00016925369909638285
[INFO] Current learning rate: 5.00e-01
[INFO] Epoch: 83; metric train: 0.956 cm-1; metric_val: 0.979 cm-1
[INFO] Elapsed time: 112s

[INFO] (Early Stopping) Best validation RMSE: 1.01; current validation RMSE: 0.98
[INFO] (Early Stopping) ES counter: 32; ES patience: 100
[INFO] loss_value: 0.0001652590410865082
[INFO] loss_value: 0.00016925305998881856
[INFO] Current learning rate: 5.00e-01
[INFO] Epoch: 84; metric train: 0.956 cm-1; metric_val: 0.979 cm-1
[INFO] Elapsed time: 113s

[INFO] (Early Stopping) Best validation RMSE: 1.01; current validation RMSE: 0.98
[INFO] (Early Stopping) ES counter: 33; ES patience: 100
[INFO] loss_value: 0.00016525836711717474
[INFO] loss_value: 0.0001692524251210423
[INFO] Current learning rate: 5.00e-01
[INFO] Epoch: 85; metric train: 0.956 cm-1; metric_val: 0.979 cm-1
[INFO] Elapsed time: 114s

[INFO] (Early Stopping) Best validation RMSE: 1.01; current validation RMSE: 0.98
[INFO] (Early Stopping) ES counter: 34; ES patience: 100
[INFO] loss_value: 0.00016525769672895793
[INFO] loss_value: 0.00016925179402650894
[INFO] Current learning rate: 5.00e-01
[INFO] Epoch: 86; metric train: 0.956 cm-1; metric_val: 0.979 cm-1
[INFO] Elapsed time: 115s

[INFO] (Early Stopping) Best validation RMSE: 1.01; current validation RMSE: 0.98
[INFO] (Early Stopping) ES counter: 35; ES patience: 100
[INFO] loss_value: 0.00016525702980883046
[INFO] loss_value: 0.00016925116629783592
[INFO] Current learning rate: 5.00e-01
[INFO] Epoch: 87; metric train: 0.956 cm-1; metric_val: 0.979 cm-1
[INFO] Elapsed time: 117s

[INFO] (Early Stopping) Best validation RMSE: 1.01; current validation RMSE: 0.98
[INFO] (Early Stopping) ES counter: 36; ES patience: 100
[INFO] loss_value: 0.00016525636624930982
[INFO] loss_value: 0.00016925054157971005
[INFO] Current learning rate: 5.00e-01
[INFO] Epoch: 88; metric train: 0.956 cm-1; metric_val: 0.979 cm-1
[INFO] Elapsed time: 118s

[INFO] (Early Stopping) Best validation RMSE: 1.01; current validation RMSE: 0.98
[INFO] (Early Stopping) ES counter: 37; ES patience: 100
[INFO] loss_value: 0.00016525570594796865
[INFO] loss_value: 0.00016924991956267677
[INFO] Current learning rate: 5.00e-01
[INFO] Epoch: 89; metric train: 0.956 cm-1; metric_val: 0.979 cm-1
[INFO] Elapsed time: 119s

[INFO] (Early Stopping) Best validation RMSE: 1.01; current validation RMSE: 0.98
[INFO] (Early Stopping) ES counter: 38; ES patience: 100
[INFO] loss_value: 0.00016525504880717282
[INFO] loss_value: 0.0001692492999776733
[INFO] Current learning rate: 5.00e-01
[INFO] Epoch: 90; metric train: 0.956 cm-1; metric_val: 0.979 cm-1
[INFO] Elapsed time: 121s

[INFO] (Early Stopping) Best validation RMSE: 1.01; current validation RMSE: 0.98
[INFO] (Early Stopping) ES counter: 39; ES patience: 100
[INFO] loss_value: 0.00016525439473366192
[INFO] loss_value: 0.0001692486825908473
[INFO] Current learning rate: 5.00e-01
[INFO] Epoch: 91; metric train: 0.956 cm-1; metric_val: 0.979 cm-1
[INFO] Elapsed time: 122s

[INFO] (Early Stopping) Best validation RMSE: 1.01; current validation RMSE: 0.98
[INFO] (Early Stopping) ES counter: 40; ES patience: 100
[INFO] loss_value: 0.00016525374363825834
[INFO] loss_value: 0.0001692480671992465
[INFO] Current learning rate: 5.00e-01
[INFO] Epoch: 92; metric train: 0.956 cm-1; metric_val: 0.979 cm-1
[INFO] Elapsed time: 123s

[INFO] (Early Stopping) Best validation RMSE: 1.01; current validation RMSE: 0.98
[INFO] (Early Stopping) ES counter: 41; ES patience: 100
[INFO] loss_value: 0.000165253095435637
[INFO] loss_value: 0.0001692474536269034
[INFO] Current learning rate: 5.00e-01
[INFO] Epoch: 93; metric train: 0.956 cm-1; metric_val: 0.979 cm-1
[INFO] Elapsed time: 124s

[INFO] (Early Stopping) Best validation RMSE: 1.01; current validation RMSE: 0.98
[INFO] (Early Stopping) ES counter: 42; ES patience: 100
[INFO] loss_value: 0.000165252450044034
[INFO] loss_value: 0.00016924684172137566
[INFO] Current learning rate: 5.00e-01
[INFO] Epoch: 94; metric train: 0.956 cm-1; metric_val: 0.979 cm-1
[INFO] Elapsed time: 126s

[INFO] (Early Stopping) Best validation RMSE: 1.01; current validation RMSE: 0.98
[INFO] (Early Stopping) ES counter: 43; ES patience: 100
[INFO] loss_value: 0.00016525180738505204
[INFO] loss_value: 0.00016924623135066252
[INFO] Current learning rate: 5.00e-01
[INFO] Epoch: 95; metric train: 0.956 cm-1; metric_val: 0.979 cm-1
[INFO] Elapsed time: 127s

[INFO] (Early Stopping) Best validation RMSE: 1.01; current validation RMSE: 0.98
[INFO] (Early Stopping) ES counter: 44; ES patience: 100
[INFO] loss_value: 0.0001652511673834774
[INFO] loss_value: 0.00016924562240062024
[INFO] Current learning rate: 5.00e-01
[INFO] Epoch: 96; metric train: 0.956 cm-1; metric_val: 0.979 cm-1
[INFO] Elapsed time: 128s

[INFO] (Early Stopping) Best validation RMSE: 1.01; current validation RMSE: 0.98
[INFO] (Early Stopping) ES counter: 45; ES patience: 100
[INFO] loss_value: 0.00016525052996704093
[INFO] loss_value: 0.00016924501477258463
[INFO] Current learning rate: 5.00e-01
[INFO] Epoch: 97; metric train: 0.956 cm-1; metric_val: 0.979 cm-1
[INFO] Elapsed time: 129s

[INFO] (Early Stopping) Best validation RMSE: 1.01; current validation RMSE: 0.98
[INFO] (Early Stopping) ES counter: 46; ES patience: 100
[INFO] loss_value: 0.0001652498950663295
[INFO] loss_value: 0.00016924440838131095
[INFO] Current learning rate: 5.00e-01
[INFO] Epoch: 98; metric train: 0.955 cm-1; metric_val: 0.979 cm-1
[INFO] Elapsed time: 131s

[INFO] (Early Stopping) Best validation RMSE: 1.01; current validation RMSE: 0.98
[INFO] (Early Stopping) ES counter: 47; ES patience: 100
[INFO] loss_value: 0.00016524926261456303
[INFO] loss_value: 0.00016924380315320317
[INFO] Current learning rate: 5.00e-01
[INFO] Epoch: 99; metric train: 0.955 cm-1; metric_val: 0.979 cm-1
[INFO] Elapsed time: 132s

[INFO] (Early Stopping) Best validation RMSE: 1.01; current validation RMSE: 0.98
[INFO] (Early Stopping) ES counter: 48; ES patience: 100
[INFO] loss_value: 0.00016524863254747713
[INFO] loss_value: 0.00016924319902474676
[INFO] Current learning rate: 5.00e-01
[INFO] Epoch: 100; metric train: 0.955 cm-1; metric_val: 0.979 cm-1
[INFO] Elapsed time: 133s

[INFO] (Early Stopping) Best validation RMSE: 1.01; current validation RMSE: 0.98
[INFO] (Early Stopping) ES counter: 49; ES patience: 100
[INFO] loss_value: 0.00016524800480319102
[INFO] loss_value: 0.00016924259594115678
[INFO] Current learning rate: 5.00e-01
[INFO] Epoch: 101; metric train: 0.955 cm-1; metric_val: 0.979 cm-1
[INFO] Elapsed time: 134s

[INFO] (Early Stopping) Best validation RMSE: 1.01; current validation RMSE: 0.98
[INFO] (Early Stopping) ES counter: 50; ES patience: 100
[INFO] loss_value: 0.00016524737932210678
[INFO] loss_value: 0.00016924199385519352
[INFO] Current learning rate: 5.00e-01
[INFO] Epoch: 102; metric train: 0.955 cm-1; metric_val: 0.979 cm-1
[INFO] Elapsed time: 136s

[INFO] (Early Stopping) Best validation RMSE: 1.01; current validation RMSE: 0.98
[INFO] (Early Stopping) ES counter: 51; ES patience: 100
[INFO] loss_value: 0.00016524675604673368
[INFO] loss_value: 0.00016924139272605338
[INFO] Current learning rate: 5.00e-01
[INFO] Epoch: 103; metric train: 0.955 cm-1; metric_val: 0.979 cm-1
[INFO] Elapsed time: 137s

[INFO] (Early Stopping) Best validation RMSE: 1.01; current validation RMSE: 0.98
[INFO] (Early Stopping) ES counter: 52; ES patience: 100
[INFO] loss_value: 0.00016524613492167347
[INFO] loss_value: 0.0001692407925186076
[INFO] Current learning rate: 5.00e-01
[INFO] Epoch: 104; metric train: 0.955 cm-1; metric_val: 0.979 cm-1
[INFO] Elapsed time: 138s

[INFO] (Early Stopping) Best validation RMSE: 1.01; current validation RMSE: 0.98
[INFO] (Early Stopping) ES counter: 53; ES patience: 100
[INFO] loss_value: 0.00016524551589341868
[INFO] loss_value: 0.00016924019320243994
[INFO] Current learning rate: 5.00e-01
[INFO] Epoch: 105; metric train: 0.955 cm-1; metric_val: 0.979 cm-1
[INFO] Elapsed time: 140s

[INFO] (Early Stopping) Best validation RMSE: 1.01; current validation RMSE: 0.98
[INFO] (Early Stopping) ES counter: 54; ES patience: 100
[INFO] loss_value: 0.00016524489891034258
[INFO] loss_value: 0.00016923959475132413
[INFO] Current learning rate: 5.00e-01
[INFO] Epoch: 106; metric train: 0.955 cm-1; metric_val: 0.979 cm-1
[INFO] Elapsed time: 141s

[INFO] (Early Stopping) Best validation RMSE: 1.01; current validation RMSE: 0.98
[INFO] (Early Stopping) ES counter: 55; ES patience: 100
[INFO] loss_value: 0.00016524428392255644
[INFO] loss_value: 0.00016923899714254984
[INFO] Current learning rate: 5.00e-01
[INFO] Epoch: 107; metric train: 0.955 cm-1; metric_val: 0.979 cm-1
[INFO] Elapsed time: 142s

[INFO] (Early Stopping) Best validation RMSE: 1.01; current validation RMSE: 0.98
[INFO] (Early Stopping) ES counter: 56; ES patience: 100
[INFO] loss_value: 0.00016524367088184032
[INFO] loss_value: 0.00016923840035638576
[INFO] Current learning rate: 5.00e-01
[INFO] Epoch: 108; metric train: 0.955 cm-1; metric_val: 0.979 cm-1
[INFO] Elapsed time: 143s

[INFO] (Early Stopping) Best validation RMSE: 1.01; current validation RMSE: 0.98
[INFO] (Early Stopping) ES counter: 57; ES patience: 100
[INFO] loss_value: 0.00016524305974160053
[INFO] loss_value: 0.00016923780437577392
[INFO] Current learning rate: 5.00e-01
[INFO] Epoch: 109; metric train: 0.955 cm-1; metric_val: 0.979 cm-1
[INFO] Elapsed time: 144s

[INFO] (Early Stopping) Best validation RMSE: 1.01; current validation RMSE: 0.98
[INFO] (Early Stopping) ES counter: 58; ES patience: 100
[INFO] loss_value: 0.00016524245045677704
[INFO] loss_value: 0.00016923720918579055
[INFO] Current learning rate: 5.00e-01
[INFO] Epoch: 110; metric train: 0.955 cm-1; metric_val: 0.979 cm-1
[INFO] Elapsed time: 146s

[INFO] (Early Stopping) Best validation RMSE: 1.01; current validation RMSE: 0.98
[INFO] (Early Stopping) ES counter: 59; ES patience: 100
[INFO] loss_value: 0.00016524184298374834
[INFO] loss_value: 0.00016923661477335434
[INFO] Current learning rate: 2.50e-01
[INFO] Epoch: 111; metric train: 0.955 cm-1; metric_val: 0.979 cm-1
[INFO] Elapsed time: 147s

[INFO] (Early Stopping) Best validation RMSE: 1.01; current validation RMSE: 0.98
[INFO] (Early Stopping) ES counter: 60; ES patience: 100
[INFO] loss_value: 0.0001652412372718958
[INFO] loss_value: 0.00016923602108979394
[INFO] Current learning rate: 2.50e-01
[INFO] Epoch: 112; metric train: 0.955 cm-1; metric_val: 0.979 cm-1
[INFO] Elapsed time: 148s

[INFO] (Early Stopping) Best validation RMSE: 1.01; current validation RMSE: 0.98
[INFO] (Early Stopping) ES counter: 61; ES patience: 100
[INFO] loss_value: 0.00016524063327485707
[INFO] loss_value: 0.00016923542814896163
[INFO] Current learning rate: 2.50e-01
[INFO] Epoch: 113; metric train: 0.955 cm-1; metric_val: 0.979 cm-1
[INFO] Elapsed time: 150s

[INFO] (Early Stopping) Best validation RMSE: 1.01; current validation RMSE: 0.98
[INFO] (Early Stopping) ES counter: 62; ES patience: 100
[INFO] loss_value: 0.00016524003095357866
[INFO] loss_value: 0.00016923483594229204
[INFO] Current learning rate: 2.50e-01
[INFO] Epoch: 114; metric train: 0.955 cm-1; metric_val: 0.979 cm-1
[INFO] Elapsed time: 151s

[INFO] (Early Stopping) Best validation RMSE: 1.01; current validation RMSE: 0.98
[INFO] (Early Stopping) ES counter: 63; ES patience: 100
[INFO] loss_value: 0.00016523943027027074
[INFO] loss_value: 0.0001692342444621671
[INFO] Current learning rate: 2.50e-01
[INFO] Epoch: 115; metric train: 0.955 cm-1; metric_val: 0.979 cm-1
[INFO] Elapsed time: 153s

[INFO] (Early Stopping) Best validation RMSE: 1.01; current validation RMSE: 0.98
[INFO] (Early Stopping) ES counter: 64; ES patience: 100
[INFO] loss_value: 0.00016523883118822497
[INFO] loss_value: 0.00016923365370173375
[INFO] Current learning rate: 2.50e-01
[INFO] Epoch: 116; metric train: 0.955 cm-1; metric_val: 0.979 cm-1
[INFO] Elapsed time: 155s

[INFO] (Early Stopping) Best validation RMSE: 1.01; current validation RMSE: 0.98
[INFO] (Early Stopping) ES counter: 65; ES patience: 100
[INFO] loss_value: 0.00016523823367188233
[INFO] loss_value: 0.00016923306365468468
[INFO] Current learning rate: 2.50e-01
[INFO] Epoch: 117; metric train: 0.955 cm-1; metric_val: 0.979 cm-1
[INFO] Elapsed time: 156s

[INFO] (Early Stopping) Best validation RMSE: 1.01; current validation RMSE: 0.98
[INFO] (Early Stopping) ES counter: 66; ES patience: 100
[INFO] loss_value: 0.00016523763768672836
[INFO] loss_value: 0.0001692324743153345
[INFO] Current learning rate: 2.50e-01
[INFO] Epoch: 118; metric train: 0.955 cm-1; metric_val: 0.979 cm-1
[INFO] Elapsed time: 158s

[INFO] (Early Stopping) Best validation RMSE: 1.01; current validation RMSE: 0.98
[INFO] (Early Stopping) ES counter: 67; ES patience: 100
[INFO] loss_value: 0.00016523704319927835
[INFO] loss_value: 0.00016923188567826572
[INFO] Current learning rate: 2.50e-01
[INFO] Epoch: 119; metric train: 0.955 cm-1; metric_val: 0.979 cm-1
[INFO] Elapsed time: 160s

[INFO] (Early Stopping) Best validation RMSE: 1.01; current validation RMSE: 0.98
[INFO] (Early Stopping) ES counter: 68; ES patience: 100
[INFO] loss_value: 0.00016523645017700646
[INFO] loss_value: 0.00016923129773848414
[INFO] Current learning rate: 2.50e-01
[INFO] Epoch: 120; metric train: 0.955 cm-1; metric_val: 0.979 cm-1
[INFO] Elapsed time: 161s

[INFO] (Early Stopping) Best validation RMSE: 1.01; current validation RMSE: 0.98
[INFO] (Early Stopping) ES counter: 69; ES patience: 100
[INFO] loss_value: 0.00016523585858833754
[INFO] loss_value: 0.00016923071049131878
[INFO] Current learning rate: 2.50e-01
[INFO] Epoch: 121; metric train: 0.955 cm-1; metric_val: 0.979 cm-1
[INFO] Elapsed time: 163s

[INFO] (Early Stopping) Best validation RMSE: 1.01; current validation RMSE: 0.98
[INFO] (Early Stopping) ES counter: 70; ES patience: 100
[INFO] loss_value: 0.00016523526840260975
[INFO] loss_value: 0.00016923012393210677
[INFO] Current learning rate: 2.50e-01
[INFO] Epoch: 122; metric train: 0.955 cm-1; metric_val: 0.979 cm-1
[INFO] Elapsed time: 165s

[INFO] (Early Stopping) Best validation RMSE: 1.01; current validation RMSE: 0.98
[INFO] (Early Stopping) ES counter: 71; ES patience: 100
[INFO] loss_value: 0.00016523467959003566
[INFO] loss_value: 0.0001692295380564612
[INFO] Current learning rate: 2.50e-01
[INFO] Epoch: 123; metric train: 0.955 cm-1; metric_val: 0.979 cm-1
[INFO] Elapsed time: 166s

[INFO] (Early Stopping) Best validation RMSE: 1.01; current validation RMSE: 0.98
[INFO] (Early Stopping) ES counter: 72; ES patience: 100
[INFO] loss_value: 0.00016523409212162936
[INFO] loss_value: 0.00016922895286013913
[INFO] Current learning rate: 2.50e-01
[INFO] Epoch: 124; metric train: 0.955 cm-1; metric_val: 0.979 cm-1
[INFO] Elapsed time: 168s

[INFO] (Early Stopping) Best validation RMSE: 1.01; current validation RMSE: 0.98
[INFO] (Early Stopping) ES counter: 73; ES patience: 100
[INFO] loss_value: 0.00016523350596923099
[INFO] loss_value: 0.0001692283683387714
[INFO] Current learning rate: 2.50e-01
[INFO] Epoch: 125; metric train: 0.955 cm-1; metric_val: 0.979 cm-1
[INFO] Elapsed time: 170s

[INFO] (Early Stopping) Best validation RMSE: 1.01; current validation RMSE: 0.98
[INFO] (Early Stopping) ES counter: 74; ES patience: 100
[INFO] loss_value: 0.00016523292110547658
[INFO] loss_value: 0.00016922778448828706
[INFO] Current learning rate: 2.50e-01
[INFO] Epoch: 126; metric train: 0.955 cm-1; metric_val: 0.978 cm-1
[INFO] Elapsed time: 171s

[INFO] (Early Stopping) Best validation RMSE: 1.01; current validation RMSE: 0.98
[INFO] (Early Stopping) ES counter: 75; ES patience: 100
[INFO] loss_value: 0.00016523233750372057
[INFO] loss_value: 0.00016922720130442448
[INFO] Current learning rate: 2.50e-01
[INFO] Epoch: 127; metric train: 0.955 cm-1; metric_val: 0.978 cm-1
[INFO] Elapsed time: 173s

[INFO] (Early Stopping) Best validation RMSE: 1.01; current validation RMSE: 0.98
[INFO] (Early Stopping) ES counter: 76; ES patience: 100
[INFO] loss_value: 0.00016523175513806263
[INFO] loss_value: 0.0001692266187829844
[INFO] Current learning rate: 2.50e-01
[INFO] Epoch: 128; metric train: 0.955 cm-1; metric_val: 0.978 cm-1
[INFO] Elapsed time: 174s

[INFO] (Early Stopping) Best validation RMSE: 1.01; current validation RMSE: 0.98
[INFO] (Early Stopping) ES counter: 77; ES patience: 100
[INFO] loss_value: 0.00016523117398325318
[INFO] loss_value: 0.0001692260369196745
[INFO] Current learning rate: 2.50e-01
[INFO] Epoch: 129; metric train: 0.955 cm-1; metric_val: 0.978 cm-1
[INFO] Elapsed time: 176s

[INFO] (Early Stopping) Best validation RMSE: 1.01; current validation RMSE: 0.98
[INFO] (Early Stopping) ES counter: 78; ES patience: 100
[INFO] loss_value: 0.0001652305940147396
[INFO] loss_value: 0.00016922545571033907
[INFO] Current learning rate: 2.50e-01
[INFO] Epoch: 130; metric train: 0.955 cm-1; metric_val: 0.978 cm-1
[INFO] Elapsed time: 177s

[INFO] (Early Stopping) Best validation RMSE: 1.01; current validation RMSE: 0.98
[INFO] (Early Stopping) ES counter: 79; ES patience: 100
[INFO] loss_value: 0.00016523001520860606
[INFO] loss_value: 0.00016922487515060752
[INFO] Current learning rate: 2.50e-01
[INFO] Epoch: 131; metric train: 0.955 cm-1; metric_val: 0.978 cm-1
[INFO] Elapsed time: 178s

[INFO] (Early Stopping) Best validation RMSE: 1.01; current validation RMSE: 0.98
[INFO] (Early Stopping) ES counter: 80; ES patience: 100
[INFO] loss_value: 0.00016522943754156968
[INFO] loss_value: 0.00016922429523622313
[INFO] Current learning rate: 2.50e-01
[INFO] Epoch: 132; metric train: 0.955 cm-1; metric_val: 0.978 cm-1
[INFO] Elapsed time: 180s

[INFO] (Early Stopping) Best validation RMSE: 1.01; current validation RMSE: 0.98
[INFO] (Early Stopping) ES counter: 81; ES patience: 100
[INFO] loss_value: 0.00016522886099097316
[INFO] loss_value: 0.00016922371596273168
[INFO] Current learning rate: 2.50e-01
[INFO] Epoch: 133; metric train: 0.955 cm-1; metric_val: 0.978 cm-1
[INFO] Elapsed time: 181s

[INFO] (Early Stopping) Best validation RMSE: 1.01; current validation RMSE: 0.98
[INFO] (Early Stopping) ES counter: 82; ES patience: 100
[INFO] loss_value: 0.00016522828553468475
[INFO] loss_value: 0.00016922313732564917
[INFO] Current learning rate: 2.50e-01
[INFO] Epoch: 134; metric train: 0.955 cm-1; metric_val: 0.978 cm-1
[INFO] Elapsed time: 182s

[INFO] (Early Stopping) Best validation RMSE: 1.01; current validation RMSE: 0.98
[INFO] (Early Stopping) ES counter: 83; ES patience: 100
[INFO] loss_value: 0.00016522771115121688
[INFO] loss_value: 0.00016922255932057254
[INFO] Current learning rate: 2.50e-01
[INFO] Epoch: 135; metric train: 0.955 cm-1; metric_val: 0.978 cm-1
[INFO] Elapsed time: 183s

[INFO] (Early Stopping) Best validation RMSE: 1.01; current validation RMSE: 0.98
[INFO] (Early Stopping) ES counter: 84; ES patience: 100
[INFO] loss_value: 0.0001652271378195472
[INFO] loss_value: 0.00016922198194281428
[INFO] Current learning rate: 2.50e-01
[INFO] Epoch: 136; metric train: 0.955 cm-1; metric_val: 0.978 cm-1
[INFO] Elapsed time: 185s

[INFO] (Early Stopping) Best validation RMSE: 1.01; current validation RMSE: 0.98
[INFO] (Early Stopping) ES counter: 85; ES patience: 100
[INFO] loss_value: 0.00016522656551920978
[INFO] loss_value: 0.0001692214051876813
[INFO] Current learning rate: 2.50e-01
[INFO] Epoch: 137; metric train: 0.955 cm-1; metric_val: 0.978 cm-1
[INFO] Elapsed time: 186s

[INFO] (Early Stopping) Best validation RMSE: 1.01; current validation RMSE: 0.98
[INFO] (Early Stopping) ES counter: 86; ES patience: 100
[INFO] loss_value: 0.00016522599423024717
[INFO] loss_value: 0.00016922082905057972
[INFO] Current learning rate: 2.50e-01
[INFO] Epoch: 138; metric train: 0.955 cm-1; metric_val: 0.978 cm-1
[INFO] Elapsed time: 188s

[INFO] (Early Stopping) Best validation RMSE: 1.01; current validation RMSE: 0.98
[INFO] (Early Stopping) ES counter: 87; ES patience: 100
[INFO] loss_value: 0.00016522542393319084
[INFO] loss_value: 0.0001692202535267003
[INFO] Current learning rate: 2.50e-01
[INFO] Epoch: 139; metric train: 0.955 cm-1; metric_val: 0.978 cm-1
[INFO] Elapsed time: 189s

[INFO] (Early Stopping) Best validation RMSE: 1.01; current validation RMSE: 0.98
[INFO] (Early Stopping) ES counter: 88; ES patience: 100
[INFO] loss_value: 0.00016522485460905567
[INFO] loss_value: 0.00016921967861134487
[INFO] Current learning rate: 2.50e-01
[INFO] Epoch: 140; metric train: 0.955 cm-1; metric_val: 0.978 cm-1
[INFO] Elapsed time: 190s

[INFO] (Early Stopping) Best validation RMSE: 1.01; current validation RMSE: 0.98
[INFO] (Early Stopping) ES counter: 89; ES patience: 100
[INFO] loss_value: 0.00016522428623934562
[INFO] loss_value: 0.00016921910429950774
[INFO] Current learning rate: 2.50e-01
[INFO] Epoch: 141; metric train: 0.955 cm-1; metric_val: 0.978 cm-1
[INFO] Elapsed time: 192s

[INFO] (Early Stopping) Best validation RMSE: 1.01; current validation RMSE: 0.98
[INFO] (Early Stopping) ES counter: 90; ES patience: 100
[INFO] loss_value: 0.00016522371880596534
[INFO] loss_value: 0.00016921853058638
[INFO] Current learning rate: 2.50e-01
[INFO] Epoch: 142; metric train: 0.955 cm-1; metric_val: 0.978 cm-1
[INFO] Elapsed time: 193s

[INFO] (Early Stopping) Best validation RMSE: 1.01; current validation RMSE: 0.98
[INFO] (Early Stopping) ES counter: 91; ES patience: 100
[INFO] loss_value: 0.00016522315229129954
[INFO] loss_value: 0.00016921795746689504
[INFO] Current learning rate: 2.50e-01
[INFO] Epoch: 143; metric train: 0.955 cm-1; metric_val: 0.978 cm-1
[INFO] Elapsed time: 194s

[INFO] (Early Stopping) Best validation RMSE: 1.01; current validation RMSE: 0.98
[INFO] (Early Stopping) ES counter: 92; ES patience: 100
[INFO] loss_value: 0.00016522258667807726
[INFO] loss_value: 0.00016921738493604082
[INFO] Current learning rate: 2.50e-01
[INFO] Epoch: 144; metric train: 0.955 cm-1; metric_val: 0.978 cm-1
[INFO] Elapsed time: 196s

[INFO] (Early Stopping) Best validation RMSE: 1.01; current validation RMSE: 0.98
[INFO] (Early Stopping) ES counter: 93; ES patience: 100
[INFO] loss_value: 0.0001652220219495291
[INFO] loss_value: 0.0001692168129889262
[INFO] Current learning rate: 1.25e-01
[INFO] Epoch: 145; metric train: 0.955 cm-1; metric_val: 0.978 cm-1
[INFO] Elapsed time: 197s

[INFO] (Early Stopping) Best validation RMSE: 1.01; current validation RMSE: 0.98
[INFO] (Early Stopping) ES counter: 94; ES patience: 100
[INFO] loss_value: 0.0001652214580876846
[INFO] loss_value: 0.0001692162416123565
[INFO] Current learning rate: 1.25e-01
[INFO] Epoch: 146; metric train: 0.955 cm-1; metric_val: 0.978 cm-1
[INFO] Elapsed time: 198s

[INFO] (Early Stopping) Best validation RMSE: 1.01; current validation RMSE: 0.98
[INFO] (Early Stopping) ES counter: 95; ES patience: 100
[INFO] loss_value: 0.0001652208950753905
[INFO] loss_value: 0.00016921567080648256
[INFO] Current learning rate: 1.25e-01
[INFO] Epoch: 147; metric train: 0.955 cm-1; metric_val: 0.978 cm-1
[INFO] Elapsed time: 200s

[INFO] (Early Stopping) Best validation RMSE: 1.01; current validation RMSE: 0.98
[INFO] (Early Stopping) ES counter: 96; ES patience: 100
[INFO] loss_value: 0.00016522033289710942
[INFO] loss_value: 0.0001692151005668449
[INFO] Current learning rate: 1.25e-01
[INFO] Epoch: 148; metric train: 0.955 cm-1; metric_val: 0.978 cm-1
[INFO] Elapsed time: 201s

[INFO] (Early Stopping) Best validation RMSE: 1.01; current validation RMSE: 0.98
[INFO] (Early Stopping) ES counter: 97; ES patience: 100
[INFO] loss_value: 0.00016521977153760735
[INFO] loss_value: 0.00016921453088753825
[INFO] Current learning rate: 1.25e-01
[INFO] Epoch: 149; metric train: 0.955 cm-1; metric_val: 0.978 cm-1
[INFO] Elapsed time: 202s

[INFO] (Early Stopping) Best validation RMSE: 1.01; current validation RMSE: 0.98
[INFO] (Early Stopping) ES counter: 98; ES patience: 100
[INFO] loss_value: 0.00016521921098188472
[INFO] loss_value: 0.00016921396176373032
[INFO] Current learning rate: 1.25e-01
[INFO] Epoch: 150; metric train: 0.955 cm-1; metric_val: 0.978 cm-1
[INFO] Elapsed time: 204s

[INFO] (Early Stopping) Best validation RMSE: 1.01; current validation RMSE: 0.98
[INFO] (Early Stopping) ES counter: 99; ES patience: 100
[INFO] loss_value: 0.0001652186512154246
[INFO] loss_value: 0.00016921339319010505
[INFO] Current learning rate: 1.25e-01
[INFO] Epoch: 151; metric train: 0.955 cm-1; metric_val: 0.978 cm-1
[INFO] Elapsed time: 205s

[INFO] (Early Stopping) Best validation RMSE: 1.01; current validation RMSE: 0.98
[INFO] (Early Stopping) ES counter: 100; ES patience: 100
[INFO] Invoking early stop.
[INFO] Saving the checkpoint.
[INFO] 
Reloading best model from the last checkpoint
[INFO] Reset trainable parameters of layer = Linear(in_features=78, out_features=10, bias=True)
[INFO] Reset trainable parameters of layer = Linear(in_features=10, out_features=1, bias=True)
[INFO] loss_value: 0.0001652186512154246
[INFO] loss_value: 0.00016921339319010505
[INFO] loss_value: 0.0001668981158526322
[INFO] Model evaluation after training:
[INFO] Train      RMSE: 0.96 cm-1
[INFO] Validation RMSE: 0.98 cm-1
[INFO] Test       RMSE: 0.97 cm-1
